# JRE version: OpenJDK Runtime Environment (8.0_242-b01) (build 1.8.0_242-release-1644-b01)
# Java VM: OpenJDK 64-Bit Server VM (25.242-b01 mixed mode windows-amd64 compressed oops)
Heap:
 PSYoungGen      total 441856K, used 249106K [0x00000000e0000000, 0x0000000100000000, 0x0000000100000000)
  eden space 408576K, 52% used [0x00000000e0000000,0x00000000ed2c52b0,0x00000000f8f00000)
  from space 33280K, 99% used [0x00000000f8f00000,0x00000000faf7f810,0x00000000faf80000)
  to   space 40448K, 0% used [0x00000000fd880000,0x00000000fd880000,0x0000000100000000)
 ParOldGen       total 143872K, used 45263K [0x00000000a0000000, 0x00000000a8c80000, 0x00000000e0000000)
  object space 143872K, 31% used [0x00000000a0000000,0x00000000a2c33de0,0x00000000a8c80000)
 Metaspace       used 85884K, capacity 91942K, committed 92184K, reserved 1128448K
  class space    used 11886K, capacity 13014K, committed 13104K, reserved 1048576K
GC Heap History (10 events):
Event: 7.724 GC heap before
{Heap before GC invocations=10 (full 2):
 PSYoungGen      total 276480K, used 260096K [0x00000000e0000000, 0x00000000f8400000, 0x0000000100000000)
  eden space 260096K, 100% used [0x00000000e0000000,0x00000000efe00000,0x00000000efe00000)
  from space 16384K, 0% used [0x00000000efe00000,0x00000000efe00000,0x00000000f0e00000)
  to   space 15872K, 0% used [0x00000000f7480000,0x00000000f7480000,0x00000000f8400000)
 ParOldGen       total 94720K, used 16086K [0x00000000a0000000, 0x00000000a5c80000, 0x00000000e0000000)
  object space 94720K, 16% used [0x00000000a0000000,0x00000000a0fb5ac8,0x00000000a5c80000)
 Metaspace       used 55384K, capacity 57426K, committed 57768K, reserved 1099776K
  class space    used 7516K, capacity 7986K, committed 8112K, reserved 1048576K
Event: 7.743 GC heap after
Heap after GC invocations=10 (full 2):
 PSYoungGen      total 359936K, used 15868K [0x00000000e0000000, 0x00000000f8400000, 0x0000000100000000)
  eden space 344064K, 0% used [0x00000000e0000000,0x00000000e0000000,0x00000000f5000000)
  from space 15872K, 99% used [0x00000000f7480000,0x00000000f83ff340,0x00000000f8400000)
  to   space 25088K, 0% used [0x00000000f5300000,0x00000000f5300000,0x00000000f6b80000)
 ParOldGen       total 94720K, used 31177K [0x00000000a0000000, 0x00000000a5c80000, 0x00000000e0000000)
  object space 94720K, 32% used [0x00000000a0000000,0x00000000a1e725d8,0x00000000a5c80000)
 Metaspace       used 55384K, capacity 57426K, committed 57768K, reserved 1099776K
  class space    used 7516K, capacity 7986K, committed 8112K, reserved 1048576K
}
Event: 8.189 GC heap before
{Heap before GC invocations=11 (full 2):
 PSYoungGen      total 359936K, used 40213K [0x00000000e0000000, 0x00000000f8400000, 0x0000000100000000)
  eden space 344064K, 7% used [0x00000000e0000000,0x00000000e17c62c0,0x00000000f5000000)
  from space 15872K, 99% used [0x00000000f7480000,0x00000000f83ff340,0x00000000f8400000)
  to   space 25088K, 0% used [0x00000000f5300000,0x00000000f5300000,0x00000000f6b80000)
 ParOldGen       total 94720K, used 31177K [0x00000000a0000000, 0x00000000a5c80000, 0x00000000e0000000)
  object space 94720K, 32% used [0x00000000a0000000,0x00000000a1e725d8,0x00000000a5c80000)
 Metaspace       used 57035K, capacity 59068K, committed 59160K, reserved 1099776K
  class space    used 7724K, capacity 8177K, committed 8240K, reserved 1048576K
Event: 8.205 GC heap after
Heap after GC invocations=11 (full 2):
 PSYoungGen      total 372224K, used 18357K [0x00000000e0000000, 0x00000000fcb00000, 0x0000000100000000)
  eden space 347136K, 0% used [0x00000000e0000000,0x00000000e0000000,0x00000000f5300000)
  from space 25088K, 73% used [0x00000000f5300000,0x00000000f64ed778,0x00000000f6b80000)
  to   space 26624K, 0% used [0x00000000fb100000,0x00000000fb100000,0x00000000fcb00000)
 ParOldGen       total 94720K, used 31185K [0x00000000a0000000, 0x00000000a5c80000, 0x00000000e0000000)
  object space 94720K, 32% used [0x00000000a0000000,0x00000000a1e745d8,0x00000000a5c80000)
 Metaspace       used 57035K, capacity 59068K, committed 59160K, reserved 1099776K
  class space    used 7724K, capacity 8177K, committed 8240K, reserved 1048576K
}
Event: 8.205 GC heap before
{Heap before GC invocations=12 (full 3):
 PSYoungGen      total 372224K, used 18357K [0x00000000e0000000, 0x00000000fcb00000, 0x0000000100000000)
  eden space 347136K, 0% used [0x00000000e0000000,0x00000000e0000000,0x00000000f5300000)
  from space 25088K, 73% used [0x00000000f5300000,0x00000000f64ed778,0x00000000f6b80000)
  to   space 26624K, 0% used [0x00000000fb100000,0x00000000fb100000,0x00000000fcb00000)
 ParOldGen       total 94720K, used 31185K [0x00000000a0000000, 0x00000000a5c80000, 0x00000000e0000000)
  object space 94720K, 32% used [0x00000000a0000000,0x00000000a1e745d8,0x00000000a5c80000)
 Metaspace       used 57035K, capacity 59068K, committed 59160K, reserved 1099776K
  class space    used 7724K, capacity 8177K, committed 8240K, reserved 1048576K
Event: 8.510 GC heap after
Heap after GC invocations=12 (full 3):
 PSYoungGen      total 372224K, used 0K [0x00000000e0000000, 0x00000000fcb00000, 0x0000000100000000)
  eden space 347136K, 0% used [0x00000000e0000000,0x00000000e0000000,0x00000000f5300000)
  from space 25088K, 0% used [0x00000000f5300000,0x00000000f5300000,0x00000000f6b80000)
  to   space 26624K, 0% used [0x00000000fb100000,0x00000000fb100000,0x00000000fcb00000)
 ParOldGen       total 143872K, used 31857K [0x00000000a0000000, 0x00000000a8c80000, 0x00000000e0000000)
  object space 143872K, 22% used [0x00000000a0000000,0x00000000a1f1c600,0x00000000a8c80000)
 Metaspace       used 57000K, capacity 58948K, committed 59160K, reserved 1099776K
  class space    used 7713K, capacity 8157K, committed 8240K, reserved 1048576K
}
Event: 11.905 GC heap before
{Heap before GC invocations=13 (full 3):
 PSYoungGen      total 372224K, used 347136K [0x00000000e0000000, 0x00000000fcb00000, 0x0000000100000000)
  eden space 347136K, 100% used [0x00000000e0000000,0x00000000f5300000,0x00000000f5300000)
  from space 25088K, 0% used [0x00000000f5300000,0x00000000f5300000,0x00000000f6b80000)
  to   space 26624K, 0% used [0x00000000fb100000,0x00000000fb100000,0x00000000fcb00000)
 ParOldGen       total 143872K, used 31857K [0x00000000a0000000, 0x00000000a8c80000, 0x00000000e0000000)
  object space 143872K, 22% used [0x00000000a0000000,0x00000000a1f1c600,0x00000000a8c80000)
 Metaspace       used 66307K, capacity 70068K, committed 70296K, reserved 1110016K
  class space    used 9121K, capacity 9851K, committed 9904K, reserved 1048576K
Event: 11.938 GC heap after
Heap after GC invocations=13 (full 3):
 PSYoungGen      total 435200K, used 26601K [0x00000000e0000000, 0x00000000fd000000, 0x0000000100000000)
  eden space 408576K, 0% used [0x00000000e0000000,0x00000000e0000000,0x00000000f8f00000)
  from space 26624K, 99% used [0x00000000fb100000,0x00000000fcafa6b0,0x00000000fcb00000)
  to   space 33280K, 0% used [0x00000000f8f00000,0x00000000f8f00000,0x00000000faf80000)
 ParOldGen       total 143872K, used 40132K [0x00000000a0000000, 0x00000000a8c80000, 0x00000000e0000000)
  object space 143872K, 27% used [0x00000000a0000000,0x00000000a27310c0,0x00000000a8c80000)
 Metaspace       used 66307K, capacity 70068K, committed 70296K, reserved 1110016K
  class space    used 9121K, capacity 9851K, committed 9904K, reserved 1048576K
}
Event: 15.111 GC heap before
{Heap before GC invocations=14 (full 3):
 PSYoungGen      total 435200K, used 435177K [0x00000000e0000000, 0x00000000fd000000, 0x0000000100000000)
  eden space 408576K, 100% used [0x00000000e0000000,0x00000000f8f00000,0x00000000f8f00000)
  from space 26624K, 99% used [0x00000000fb100000,0x00000000fcafa6b0,0x00000000fcb00000)
  to   space 33280K, 0% used [0x00000000f8f00000,0x00000000f8f00000,0x00000000faf80000)
 ParOldGen       total 143872K, used 40132K [0x00000000a0000000, 0x00000000a8c80000, 0x00000000e0000000)
  object space 143872K, 27% used [0x00000000a0000000,0x00000000a27310c0,0x00000000a8c80000)
 Metaspace       used 80031K, capacity 85854K, committed 86040K, reserved 1122304K
  class space    used 11130K, capacity 12284K, committed 12336K, reserved 1048576K
Event: 15.143 GC heap after
Heap after GC invocations=14 (full 3):
 PSYoungGen      total 441856K, used 33278K [0x00000000e0000000, 0x0000000100000000, 0x0000000100000000)
  eden space 408576K, 0% used [0x00000000e0000000,0x00000000e0000000,0x00000000f8f00000)
  from space 33280K, 99% used [0x00000000f8f00000,0x00000000faf7f810,0x00000000faf80000)
  to   space 40448K, 0% used [0x00000000fd880000,0x00000000fd880000,0x0000000100000000)
 ParOldGen       total 143872K, used 45263K [0x00000000a0000000, 0x00000000a8c80000, 0x00000000e0000000)
  object space 143872K, 31% used [0x00000000a0000000,0x00000000a2c33de0,0x00000000a8c80000)
 Metaspace       used 80031K, capacity 85854K, committed 86040K, reserved 1122304K
  class space    used 11130K, capacity 12284K, committed 12336K, reserved 1048576K
}

